1628
4 5357 8148 6404 5913 
4 421 2589 5121 5583 
4 3629 6255 8785 9906 
4 1737 3987 6584 7710 
4 2094 4386 5231 7529 
4 6735 8197 6459 7108 
4 2584 5796 8754 9487 
4 59 2395 6312 6655 
4 2193 1044 1908 3020 
4 2861 7569 7704 9612 
4 5515 6632 7262 8452 
4 398 2489 7796 8407 
4 998 1729 1756 9004 
4 820 1248 7064 7549 
4 4848 7923 8603 8873 
4 5905 7444 8437 9529 
4 4052 1393 2401 5235 
4 1524 4449 5744 6839 
4 3626 4233 6823 9483 
4 604 3904 8479 9620 
4 6478 9995 5947 2062 
4 1396 2545 3697 9383 
4 4004 4318 8733 9131 
4 370 847 3015 9247 
4 973 2155 4644 4863 
4 3135 4631 6668 7792 
4 1287 3715 6640 132 
4 1830 2222 5363 7168 
4 1492 2687 9213 9618 
4 461 1561 3505 8284 
4 2117 4036 7100 8775 
4 2061 5427 8004 8287 
4 1385 2932 8854 9765 
4 2141 4131 4940 8767 
4 7198 1707 3463 1734 
4 1381 2167 4992 5986 
4 666 3273 5416 7936 
4 2331 2598 3825 5251 
4 1114 4574 6756 6762 
4 3295 4147 5001 9959 
4 5570 4041 5090 1423 
4 2776 6627 7972 767 
4 44 6613 7525 9818 
4 864 3942 4100 5989 
4 689 4228 4559 5044 
4 2843 6196 8591 9128 
4 2819 5052 5083 8585 
4 3149 3484 7369 8777 
4 1768 2661 3364 8137 
4 2968 7515 7577 8119 
4 1677 6639 8189 714 
4 62 1568 1895 4475 
4 674 4106 8814 9256 
4 7368 7939 8240 8837 
4 2728 2246 3457 5211 
4 110 8320 8636 8991 
4 281 1160 4167 5081 
4 5616 7208 7290 7950 
4 752 4808 9614 9813 
4 876 936 2212 5791 
4 962 1101 2064 9019 
4 2475 3678 4916 5651 
4 839 1013 9894 3647 
4 56 1833 2129 2367 
4 371 6170 7819 7945 
4 1004 854 4874 3686 
4 63 3176 6240 9965 
4 2459 3302 4670 8392 
4 3072 4322 4579 4961 
4 2752 7259 8152 9986 
4 2935 4185 5042 6476 
4 683 2723 3656 9295 
4 948 4194 7104 8384 
4 5048 6782 3042 859 
4 2115 4702 5886 9354 
4 1233 7540 8639 9267 
4 384 7135 7927 2096 
4 3765 4917 5214 7201 
4 2070 2080 3499 7961 
4 1081 4405 7834 8058 
4 5046 5592 6677 8689 
4 976 1146 4090 7202 
4 1115 2345 5918 7313 
4 6171 8138 9528 67 
4 778 2828 3750 4884 
4 5945 5982 7757 8641 
4 1341 1556 5602 7595 
4 2499 3272 4473 6252 
4 4964 4983 8338 8612 
4 1071 3096 4886 5713 
4 887 2228 2964 8608 
4 453 4695 5526 9305 
4 1491 2922 8063 8911 
4 2008 4788 7305 9888 
4 3940 7896 7863 2456 
4 1851 3309 7543 7825 
4 4406 5310 7136 8322 
4 1591 1724 1742 2213 
4 117 1178 6144 7436 
4 1353 2196 7409 9866 
4 2124 4509 4685 9527 
4 82 636 6550 7579 
4 1256 2148 6585 7186 
4 336 2274 3420 7326 
4 3781 6611 7308 1839 
4 2548 4957 6381 8485 
4 3228 4430 7359 8851 
4 1988 3293 3583 5729 
4 1094 4655 7231 7937 
4 1713 7145 7583 9539 
4 4240 2060 4320 8010 
4 1812 3047 9525 9690 
4 443 6935 5772 818 
4 7 1214 9129 9568 
4 4657 5494 5773 8553 
4 4112 4847 5295 6957 
4 2982 4141 7196 8116 
4 2259 3896 4135 8387 
4 3024 3566 4074 7551 
4 2241 5013 5815 6365 
4 727 6176 7101 9576 
4 1210 6107 9263 9917 
4 954 3519 8332 8375 
4 49 1050 3792 9235 
4 541 1569 5208 8027 
4 1388 2727 7648 9552 
4 1418 8036 717 7008 
4 2342 2726 5653 9196 
4 1322 9946 3775 5006 
4 1164 2045 4637 9106 
4 213 2652 3607 7725 
4 1203 4402 8644 9532 
4 4551 2628 6602 18 
4 1934 2962 4912 4995 
4 47 71 1383 3795 
4 2025 5615 5756 6903 
4 1671 2686 8803 9966 
4 201 3648 5652 8736 
4 586 594 8465 9747 
4 3196 6882 9344 9433 
4 7522 3842 3437 687 
4 2293 3844 7715 8626 
4 1202 2123 2162 3889 
4 4561 5383 6913 7494 
4 4374 5625 8186 8745 
4 1946 6038 8250 9119 
4 2558 5163 7814 8478 
4 6495 5904 7385 3475 
4 2642 3257 4638 7862 
4 4102 6537 6050 2160 
4 6134 6985 7267 9542 
4 1433 4139 7445 2862 
4 1450 3757 6927 9559 
4 4490 6168 7447 9275 
4 1976 7079 9151 9713 
4 774 2300 8267 8997 
4 1372 2802 3526 6842 
4 3542 4550 6129 9900 
4 328 2036 8233 8865 
4 3376 3451 4390 6567 
4 2308 4480 5686 6147 
4 532 1845 4244 5156 
4 446 1763 3114 9873 
4 1861 5219 7516 5209 
4 11 5931 7703 8506 
4 2305 3689 8094 8616 
4 723 2814 3357 9795 
4 3672 2870 6467 8132 
4 403 5096 8079 8193 
4 3840 5172 5845 8167 
4 9 6534 6547 8430 
4 1621 2243 6123 8601 
4 2085 4284 1936 7643 
4 3708 8101 8849 9921 
4 5873 7032 7088 7166 
4 120 3950 7673 9605 
4 2544 2749 4619 8509 
4 3105 5451 6834 8150 
4 1552 2267 5609 8286 
4 4151 5359 2535 5909 
4 7726 7953 9289 9320 
4 1181 5517 7509 7596 
4 373 3112 8348 9514 
4 706 3106 4959 9374 
4 992 6178 8259 9302 
4 7922 7316 3443 7671 
4 4150 6300 9063 9340 
4 2575 3673 4870 5823 
4 1955 5101 9283 9307 
4 58 4498 5777 9856 
4 6359 6580 7451 9722 
4 1336 1429 2994 6336 
4 676 7083 7545 2323 
4 463 3155 4235 6582 
4 65 1231 2203 8563 
4 2985 4044 6481 8721 
4 4516 5149 5919 9784 
4 1249 2245 3308 5170 
4 2795 3142 3899 8047 
4 780 1357 5854 9252 
4 1085 3229 9691 9942 
4 1767 5600 8346 9111 
4 745 2619 6329 6363 
4 654 1817 3485 9778 
4 2536 5544 8003 1508 
4 1096 2364 5665 8253 
4 3618 3913 6989 8367 
4 2340 2718 3170 8477 
4 1427 6426 8187 9779 
4 6558 1509 7489 3137 
4 1136 5540 5622 5891 
4 333 2736 4925 6316 
4 2481 6060 8242 8811 
4 177 4965 6477 7209 
4 684 766 4076 6702 
4 171 3632 6313 9154 
4 2571 2674 3337 9365 
4 251 3002 7629 7981 
4 7464 7466 3869 8431 
4 645 6777 8751 9585 
4 60 1505 9124 9366 
4 197 2952 4837 7148 
4 1359 2920 3356 9649 
4 5462 5962 8697 9325 
4 6415 2817 3253 4902 
4 1344 3496 7911 9546 
4 522 4352 9968 2612 
4 1996 3745 7026 8501 
4 257 3126 7119 9974 
4 4582 5239 7057 8200 
4 8835 9243 8651 55 
4 4134 5366 7613 9511 
4 2023 2313 2759 4058 
4 2282 3593 8397 9363 
4 1948 4361 6656 1620 
4 321 3062 3214 8779 
4 5136 7920 7944 8026 
4 1820 5244 5332 8658 
4 709 2905 4557 9166 
4 1340 5330 8701 9545 
4 8276 4124 7785 7592 
4 1351 4977 7153 7880 
4 850 2009 2944 8923 
4 2112 6666 8199 9426 
4 1800 6297 6956 9962 
4 2766 3480 4524 8363 
4 4572 5324 8115 8947 
4 750 1701 5529 8529 
4 593 5970 6571 9419 
4 4161 4222 5593 9550 
4 3223 3368 4690 8449 
4 2927 6309 1061 589 
4 1609 2601 5198 7818 
4 4717 5808 7756 7851 
4 1001 5131 6914 9397 
4 6 2572 4351 8056 
4 3120 5720 5793 9341 
4 301 1787 7212 8607 
4 3791 1883 264 3278 
4 2095 3089 8470 8839 
4 1522 8163 8866 8990 
4 2941 5733 6342 6638 
4 1510 4259 4477 9569 
4 8487 9048 4951 7415 
4 877 7647 9123 9930 
4 245 1975 6738 7391 
4 2809 3830 5028 7524 
4 797 4357 6757 7250 
4 3087 6419 8614 9626 
4 5991 6188 7824 8418 
4 1049 5236 7344 8702 
4 6742 2089 6042 4649 
4 3167 4415 6226 9271 
4 3870 4469 8548 9566 
4 1523 1743 2265 9797 
4 1589 7512 7993 2854 
4 902 5488 8659 9853 
4 924 1564 5758 8183 
4 1673 3730 4960 7748 
4 1711 3083 4711 2055 
4 1912 559 4696 3306 
4 4331 6058 6370 7699 
4 7050 7439 7700 9689 
4 164 208 5839 6256 
4 5375 6102 9265 9751 
4 103 5553 9443 9629 
4 2486 3579 9843 9952 
4 622 2296 5496 7013 
4 773 5683 6052 9746 
4 1364 7443 7934 8168 
4 278 1483 4200 6198 
4 307 8673 525 4038 
4 7210 3892 8637 7870 
4 5518 6410 8677 9755 
4 3001 3379 5610 9078 
4 1587 4137 5835 8172 
4 4867 7302 8297 8625 
4 1889 3557 6616 8204 
4 4600 5308 6273 9507 
4 214 3271 8671 9695 
4 926 1856 4975 8442 
4 137 3050 5902 4093 
4 407 2351 2509 7103 
4 6384 8040 8579 2592 
4 1810 2353 8670 8683 
4 2647 2912 5207 7617 
4 730 8834 9718 2127 
4 513 844 4043 8059 
4 1847 3248 4522 5803 
4 1821 3885 6981 7696 
4 836 7567 8453 8722 
4 2573 2937 3055 2627 
4 432 3473 6146 6444 
4 3905 5174 7319 8940 
4 1720 3997 6498 7412 
4 3736 3944 5849 6578 
4 6012 6320 9464 1708 
4 188 7330 8915 9806 
4 2939 3508 5785 7253 
4 2957 6483 6577 296 
4 1998 6192 8707 9908 
4 1681 3022 3037 7978 
4 1714 4706 7861 9359 
4 53 1117 5203 8328 
4 1571 7778 3681 6623 
4 3978 4521 5197 6367 
4 3617 6206 7759 8134 
4 332 1965 5492 8692 
4 3857 5278 9572 9871 
4 1740 4727 5476 9880 
4 3518 3853 5728 7041 
4 1476 2043 2488 9197 
4 8466 2185 145 7914 
4 3 520 1073 7678 
4 6010 6662 8929 9425 
4 2697 3895 5559 6651 
4 1116 1261 6605 9961 
4 96 1224 7536 8750 
4 1684 3834 7296 9849 
4 875 4786 7118 9984 
4 1037 4179 5941 7618 
4 3561 3655 6965 7178 
4 1253 4607 9350 9599 
4 172 631 5705 7255 
4 3769 4668 5151 7215 
4 760 2106 5378 7463 
4 451 1765 4532 5563 
4 3511 4527 4565 8516 
4 10 970 1140 7740 
4 464 3544 642 7677 
4 7149 7318 8161 9092 
4 688 3134 5446 6856 
4 634 4439 5341 7363 
4 2125 3677 4442 4865 
4 2368 2600 5649 9895 
4 2877 4293 7130 9741 
4 1154 1234 4997 6220 
4 2000 3969 6752 8932 
4 6231 1636 1726 8895 
4 1361 5155 5441 9161 
4 263 2836 5824 6514 
4 2165 4079 6526 8931 
4 1717 8524 8964 9182 
4 923 2407 5566 5763 
4 1570 5548 7155 9597 
4 5579 6205 7238 8081 
4 791 1526 1542 9450 
4 4861 5250 5325 283 
4 556 6540 6715 7518 
4 3877 5998 6110 6389 
4 1040 2590 3107 8833 
4 6827 3011 3564 1411 
4 1197 1648 4663 5574 
4 3516 3540 4307 7692 
4 628 1827 4990 9214 
4 1200 8874 9246 9250 
4 211 2716 4126 7558 
4 916 2798 5255 7219 
4 4731 4989 8617 9390 
4 1712 7346 7499 9594 
4 738 7204 7375 7151 
4 3258 4491 7152 8239 
4 2221 3674 6364 8824 
4 2585 4617 5864 8714 
4 87 3029 6296 7603 
4 1122 1853 3595 6193 
4 1963 2309 6994 9719 
4 1378 2007 7823 9490 
4 5556 1282 2254 3092 
4 2848 3362 3367 6111 
4 1484 4230 6680 9776 
4 995 3691 6396 9588 
4 6036 6157 7278 8305 
4 3973 6721 8606 8650 
4 6377 6769 8653 9121 
4 1430 2872 7624 9414 
4 1819 6350 9286 9499 
4 206 3728 9580 9769 
4 1487 1735 8293 9382 
4 174 1825 7983 9276 
4 139 2555 6645 6703 
4 4792 5513 7659 8044 
4 846 3239 8578 8956 
4 1159 2649 5547 9852 
4 1205 3692 8434 9014 
4 1923 5074 6685 8652 
4 289 2226 6028 6938 
4 1632 1876 5875 7888 
4 884 3932 4883 5061 
4 149 635 1440 3839 
4 151 1601 5271 5899 
4 480 1943 7752 8468 
4 678 912 8537 8609 
4 4627 4671 6215 6741 
4 1260 3104 7218 8684 
4 3375 6747 7105 9907 
4 597 6152 6266 6733 
4 804 1062 3980 5166 
4 1877 5118 8967 9168 
4 3132 5981 6133 9407 
4 385 3845 7777 9732 
4 2999 4604 6531 9799 
4 297 3746 5503 9637 
4 1874 3028 5007 7475 
4 565 6731 8527 9165 
4 1228 1471 4055 5948 
4 5362 6492 6522 9748 
4 1015 4474 4946 9730 
4 4774 6228 9602 3422 
4 1100 4496 6676 7413 
4 2006 9326 3323 2389 
4 313 711 5380 6380 
4 210 1382 9135 9675 
4 2091 5157 7954 9238 
4 142 1718 7406 9714 
4 529 3608 5627 9864 
4 1445 4636 4857 5794 
4 915 7095 9471 960 
4 1464 1747 4292 8258 
4 465 2198 6811 9530 
4 1884 2566 4926 9761 
4 1400 5449 5879 7956 
4 737 1751 6280 8133 
4 1056 1837 4506 9376 
4 355 4363 5710 8907 
4 4091 6984 8425 5056 
4 2461 4814 5371 8241 
4 2295 5644 6149 7841 
4 1010 1888 7526 7542 
4 1311 2732 4716 6326 
4 8342 7500 608 4419 
4 1598 3527 4064 9976 
4 2538 2811 6583 9896 
4 3203 2024 4725 6446 
4 1406 1562 5035 9650 
4 1339 2516 6932 8423 
4 178 4859 7764 9922 
4 2874 3136 5869 7454 
4 534 2806 3808 7662 
4 834 7003 8123 8597 
4 2428 3553 7286 9016 
4 362 6366 2804 7090 
4 898 4066 5205 5474 
4 253 2190 3891 6628 
4 3694 3924 6022 7975 
4 4054 4704 5901 9726 
4 1866 4410 6289 7594 
4 3276 4592 7361 9456 
4 17 3945 7374 9220 
4 3226 5085 5467 6719 
4 85 3828 5017 9368 
4 9988 2887 6015 6849 
4 358 4771 7610 8889 
4 2783 3558 6076 9043 
4 3912 3991 4904 6659 
4 1512 1595 849 3882 
4 3567 5418 5836 8861 
4 5489 7037 8035 9879 
4 6155 8432 6726 5724 
4 1584 3559 4478 4766 
4 3297 4375 8376 8938 
4 656 2705 3573 9561 
4 2375 4703 4773 7249 
4 7426 7884 8247 8648 
4 3985 6466 7116 7876 
4 2907 5336 6436 7821 
4 1090 3428 7382 9453 
4 2381 6778 8898 9848 
4 2457 6451 7839 9192 
4 147 6361 6857 8894 
4 3563 6988 8153 9684 
4 4026 6306 7943 9468 
4 3760 4879 6976 4887 
4 146 2484 5832 7074 
4 5355 6443 7768 7917 
4 2565 3718 4692 9703 
4 4057 5530 8019 9143 
4 1021 1529 6053 8823 
4 900 3654 6870 7990 
4 1422 359 947 4953 
4 1023 4720 7175 9631 
4 5094 6208 8746 9241 
4 170 3641 6700 7984 
4 8032 1152 1704 7734 
4 1994 5916 6490 9122 
4 590 2490 6340 8679 
4 489 4412 6557 9222 
4 150 2400 7419 9429 
4 1930 3244 8712 9971 
4 2398 5178 5865 8845 
4 396 3531 4340 7521 
4 1129 4187 8176 9549 
4 2081 4202 4452 7310 
4 6681 1347 3983 4659 
4 198 3749 9062 3129 
4 3075 5551 6649 7689 
4 6016 7480 8519 9802 
4 1616 4958 5730 6673 
4 2467 3811 5657 8264 
4 5461 8299 8682 9221 
4 1533 6203 5457 6528 
4 404 931 5856 6184 
4 1952 3145 7010 9183 
4 1507 2924 7230 9667 
4 39 540 2191 4640 
4 290 4875 5020 9523 
4 1922 2134 2462 7220 
4 2765 3498 6800 8954 
4 2020 4871 6421 9096 
4 9091 7356 3906 562 
4 835 4011 4639 7425 
4 3153 3371 7809 9828 
4 648 1642 5633 8198 
4 45 7221 7770 9361 
4 124 7731 7966 8196 
4 3299 4650 5058 9173 
4 5671 7875 8263 8715 
4 2320 3966 4170 9459 
4 909 6264 6637 8632 
4 512 4467 9573 7424 
4 4381 5164 6160 7733 
4 3914 1332 1593 2337 
4 2277 4335 7970 9978 
4 2343 3724 5954 6248 
4 2260 2495 4907 6553 
4 4573 5522 7683 9987 
4 735 3188 4656 6794 
4 4465 4708 8517 8908 
4 236 3802 4611 9752 
4 3704 9583 9606 9868 
4 3582 4016 5277 9299 
4 2278 2954 6784 6942 
4 5487 7432 7964 9996 
4 4555 5584 6724 7534 
4 5531 8333 9068 9072 
4 32 33 8325 9734 
4 2879 4367 5776 9891 
4 1822 5086 5240 8222 
4 1761 3127 6648 8711 
4 1723 3322 5898 7530 
4 3352 4661 8043 9210 
4 4208 4495 5908 6873 
4 1106 1179 5813 5896 
4 1047 4089 4215 4790 
4 1840 4511 6112 8202 
4 2506 3412 4823 8143 
4 5040 6243 8752 9328 
4 2875 2983 3517 9836 
4 204 3339 8828 2672 
4 0 300 3121 7384 
4 1174 2702 4456 8696 
4 3894 5721 7727 8160 
4 2707 4933 8801 9721 
4 131 4206 4514 8413 
4 1467 4286 8667 433 
4 611 6574 6705 8139 
4 4949 5389 6017 8562 
4 28 3031 6202 6351 
4 1157 3818 5173 8864 
4 471 514 1886 8810 
4 708 1199 6596 8863 
4 2329 4359 5939 7877 
4 5860 7555 8006 9486 
4 2159 6246 8210 8876 
4 5920 7386 8238 8336 
3 203 5771 7165 
3 2294 7786 9423 
3 2384 5718 7043 
3 2047 7828 3262 
3 7177 7664 8771 
3 4734 5064 6087 
3 889 968 5047 
3 1627 1841 4290 
3 1227 5060 9710 
3 24 6051 8435 
3 3438 7546 9367 
3 108 4337 5511 
3 2281 6805 9901 
3 2722 6479 7805 
3 2805 3580 7298 
3 4092 7633 8031 
3 1624 2463 6126 
3 5237 6744 8640 
3 2163 3324 8310 
3 568 725 2149 
3 2956 4994 8401 
3 226 6701 7140 
3 189 2621 8870 
3 1640 6332 5368 
3 633 2560 9860 
3 2470 6125 9346 
3 2527 414 5233 
3 863 4714 5510 
3 393 7674 9855 
3 1669 3753 9858 
3 1130 2567 3085 
3 978 2072 6565 
3 2152 4646 9754 
3 7170 9332 9584 
3 1865 2216 7903 
3 5903 1653 6774 
3 1716 3213 6425 
3 2483 5958 6484 
3 4488 4742 8977 
3 4245 8543 9269 
3 620 1321 9198 
3 305 1898 3246 
3 430 9887 9957 
3 6263 8314 9767 
3 4508 5192 3536 
3 365 5606 7995 
3 381 7665 9089 
3 1959 4291 6352 
3 234 1668 9114 
3 6463 7895 136 
3 3280 6232 8903 
3 1036 1475 9820 
3 1220 23 7971 
3 955 1649 4858 
3 287 867 7349 
3 2074 4796 9187 
3 9958 7686 1027 
3 500 6600 9944 
3 1012 4502 8252 
3 405 2789 5966 
3 1652 2334 3274 
3 3425 4840 8379 
3 2683 1983 3657 
3 431 1694 9993 
3 225 3941 6323 
3 1750 2786 9600 
3 2388 5863 9446 
3 4308 6118 8177 
3 193 5628 5829 
3 2953 3793 4777 
3 4173 2751 7634 
3 3212 5443 9431 
3 2480 6513 9927 
3 97 1546 5041 
3 3006 4143 9491 
3 1165 2741 9920 
3 502 5191 9475 
3 3822 6963 7320 
3 5714 2264 1892 
3 1538 5897 8815 
3 70 2412 7729 
3 885 4434 7357 
3 1980 4798 5752 
3 4030 6925 8277 
3 1409 1796 2210 
3 6576 6740 9035 
3 7581 3513 3263 
3 3330 7206 8454 
3 919 2102 2772 
3 3543 7150 8353 
3 4221 4248 7724 
3 335 462 8438 
3 4097 6315 8382 
3 2586 8409 9140 
3 1426 4279 4747 
3 1535 2514 7314 
3 221 456 2399 
3 6311 9047 9716 
3 1606 4099 8235 
3 2610 4534 6506 
3 4578 8201 7176 
3 7881 168 3004 
3 2382 5972 7799 
3 827 2289 3439 
3 3590 4595 9655 
3 4826 6915 9038 
3 5066 6005 6161 
3 5146 7850 9659 
3 325 6671 8340 
3 5950 6960 9540 
3 2207 4969 1318 
3 2059 3344 9083 
3 499 7065 9065 
3 40 7362 8900 
3 3596 4000 7565 
3 1009 3311 9519 
3 3665 6844 7713 
3 3060 7991 7490 
3 1843 6137 7457 
3 2033 6008 8089 
3 4176 4325 7616 
3 31 2529 9215 
3 1259 2685 6121 
3 288 6814 7948 
3 613 5106 8675 
3 4688 5536 8766 
3 7078 8930 9022 
3 3506 4787 6586 
3 1330 2578 5024 
3 3396 6630 8654 
3 1869 3809 4238 
3 2949 5994 9838 
3 229 5817 8576 
3 7275 8229 9105 
3 37 2169 6846 
3 2120 1755 2533 
3 2713 5125 7742 
3 2596 8663 9538 
3 739 2950 3761 
3 956 6725 6952 
3 487 8326 270 
3 4549 5558 6544 
3 5751 6824 6197 
3 8093 392 4069 
3 3956 9578 9595 
3 5245 6698 8859 
3 2028 4164 6761 
3 825 2762 9699 
3 2144 3875 9294 
3 6097 6302 7397 
3 4031 6964 8804 
3 1807 6034 8643 
3 5872 7889 6887 
3 4877 5834 7906 
3 240 6294 8472 
3 1774 6899 7994 
3 2432 8568 8821 
3 6450 6959 9633 
3 4188 5082 6809 
3 1951 5676 7236 
3 3744 7795 9785 
3 579 2929 7697 
3 2466 3965 6590 
3 5621 7329 8426 
3 5951 6674 9227 
3 6953 8084 9582 
3 372 439 457 
3 6270 9418 4801 
3 1110 2444 5212 
3 2358 4880 4935 
3 4811 5128 9028 
3 3509 3012 9086 
3 3698 4104 5631 
3 1043 2242 3748 
3 2634 3355 5313 
3 2595 4046 4736 
3 402 6003 6818 
3 930 6180 8273 
3 163 292 5370 
3 3235 4567 8215 
3 2184 9526 9613 
3 2019 7812 9488 
3 2101 7859 9036 
3 252 8950 4653 
3 3903 5980 858 
3 2087 2442 5663 
3 2632 2898 7631 
3 3581 5329 7496 
3 953 7410 9551 
3 937 6090 9234 
3 1369 1961 6448 
3 293 2892 3841 
3 6563 8383 8822 
3 3679 5882 7407 
3 673 9009 9394 
3 2422 2799 9015 
3 1688 9543 9692 
3 458 1549 9337 
3 1270 1286 7461 
3 842 1527 6922 
3 511 4635 8180 
3 3052 5190 5719 
3 9678 9709 1279 
3 3141 6046 8919 
3 3407 5812 8393 
3 2335 7132 9272 
3 2303 5850 6471 
3 1167 1416 2785 
3 893 3174 8388 
3 4249 5161 6127 
3 644 5895 7036 
3 1849 6604 7532 
3 1118 2608 6972 
3 76 7694 9280 
3 1137 2951 3078 
3 5401 7931 9073 
3 86 530 1516 
3 5199 6852 8067 
3 2824 5168 9149 
3 1532 2881 6357 
3 3431 6560 9013 
3 7751 9398 9768 
3 4407 4501 6353 
3 346 3332 5731 
3 6494 1504 3773 
3 2746 4623 6229 
3 675 740 5672 
3 602 3651 4783 
3 982 1250 5026 
3 4982 5732 6864 
3 615 2694 4554 
3 1371 3515 9651 
3 2137 4841 8456 
3 419 2268 6973 
3 3370 6275 7094 
3 34 6104 6828 
3 1536 4301 7387 
3 83 4750 9564 
3 639 868 3789 
3 3424 6259 8981 
3 2232 4943 5482 
3 4767 6473 6944 
3 9313 2793 1781 
3 123 1679 8298 
3 2050 4558 6897 
3 3347 5666 6713 
3 8952 9251 9948 
3 7960 9635 9830 
3 1939 6210 7826 
3 444 2472 5059 
3 57 8629 8737 
3 1678 3951 6746 
3 4095 4892 9524 
3 467 1793 4775 
3 3504 3878 5613 
3 6261 990 2591 
3 343 4116 8447 
3 6430 7804 7951 
3 1201 4047 8918 
3 801 6835 9223 
3 3123 6664 8440 
3 4613 6301 9232 
3 7803 8179 9094 
3 2215 2437 7471 
3 9745 8572 3782 
3 152 1084 3125 
3 2304 2712 4447 
3 6093 7024 9181 
3 2464 5254 7273 
3 3161 7602 7963 
3 153 3555 7959 
3 1161 1519 6175 
3 2604 3743 4482 
3 9489 6258 1080 
3 4713 7252 8049 
3 4693 4818 5534 
3 4311 6727 9810 
3 1058 3147 8808 
3 1132 2891 5346 
3 8727 3806 3233 
3 789 6304 7091 
3 2307 5181 7614 
3 1935 2057 6851 
3 4078 6452 9413 
3 1870 6692 8740 
3 1288 4255 6669 
3 94 1032 7559 
3 68 4856 9157 
3 802 1848 8022 
3 3838 4537 5387 
3 4662 7395 9935 
3 756 4358 7247 
3 576 4399 9075 
3 2668 5175 7721 
3 4387 7430 8097 
3 459 2781 5171 
3 1650 5800 9611 
3 2002 3972 7554 
3 3547 7600 7622 
3 1296 2837 8398 
3 2402 5400 9085 
3 3747 6612 8037 
3 4546 5098 9333 
3 2531 3902 6693 
3 4544 7400 9647 
3 6711 6770 8853 
3 2234 7048 7813 
3 4942 7586 4451 
3 4596 6890 9201 
3 1639 2046 4312 
3 16 2977 8571 
3 78 4855 9137 
3 6189 7237 8753 
3 1093 1754 8665 
3 5019 6993 9846 
3 2859 3887 3926 
3 2328 5373 8593 
3 4689 5200 8206 
3 3664 6068 6373 
3 2570 7197 7460 
3 1656 7653 8806 
3 848 1276 2235 
3 183 2903 4298 
3 5182 7501 7980 
3 4882 4906 5316 
3 101 1192 2199 
3 20 5505 6524 
3 2911 6417 7289 
3 1271 3265 5134 
3 2205 4723 4898 
3 9603 7666 3621 
3 13 7123 9008 
3 1949 8525 8534 
3 473 4155 9002 
3 1665 4197 7695 
3 2582 3930 5422 
3 477 1377 3021 
3 3615 6569 7899 
3 395 3939 4839 
3 3798 5253 9406 
3 4400 7924 8486 
3 2136 5769 7085 
3 1899 3401 1971 
3 3261 7957 8642 
3 3849 3947 8994 
3 1502 4679 7800 
3 1744 7663 9656 
3 1194 1212 4922 
3 2417 7371 9200 
3 8618 9553 9885 
3 3318 3880 5397 
3 2435 7962 1086 
3 649 5959 6225 
3 8756 9680 9274 
3 1904 5725 8268 
3 2775 160 3587 
3 413 726 8965 
3 753 6739 6990 
3 2164 6510 8108 
3 185 3824 5268 
3 6096 8502 9863 
3 159 1891 5944 
3 2406 4489 6962 
3 3893 862 3521 
3 4196 7510 9029 
3 550 4981 5426 
3 7315 7557 9892 
3 1809 4392 7878 
3 1127 4932 9770 
3 5189 5471 8498 
3 896 3911 8986 
3 554 6095 7743 
3 7544 3186 757 
3 2390 4328 8316 
3 4605 5641 7632 
3 4398 6078 8256 
3 2671 3721 6595 
3 2754 4562 8289 
3 949 1835 7423 
3 6636 8015 1978 
3 1514 7190 8987 
3 640 1778 6148 
3 472 2987 5917 
3 1618 6245 8978 
3 1867 6904 8941 
3 1586 4001 6822 
3 906 9260 828 
3 3281 6023 8321 
3 2240 5881 6291 
3 1031 1953 3146 
3 3353 4894 5140 
3 2065 5442 7121 
3 2990 6472 8372 
3 3334 7127 8355 
3 9870 6331 8633 
3 793 2669 4504 
3 219 2554 4094 
3 610 4678 9575 
3 2750 8573 8793 
3 2730 9261 899 
3 840 2297 4246 
3 1277 4842 5398 
3 2016 2852 6831 
3 1783 6035 7898 
3 8411 8776 8934 
3 651 796 3178 
3 2841 9535 2451 
3 218 6398 7642 
3 1979 6244 8129 
3 2318 4948 7608 
3 89 4746 8567 
3 6529 7018 7309 
3 545 6063 4918 
3 1461 6517 7502 
3 1801 2376 5736 
3 2173 3482 4144 
3 1638 1700 3539 
3 1184 1806 4156 
3 728 5043 8773 
3 2577 8021 8166 
3 5104 5234 5429 
3 5460 9458 9859 
3 133 5097 6766 
3 2333 3449 6227 
3 3017 7274 7693 
3 143 4630 5523 
3 249 2022 8842 
3 207 3076 7441 
3 845 3570 9003 
3 5770 9209 9230 
3 4314 4914 9496 
3 3411 157 2288 
3 4789 5323 6581 
3 2237 4172 9877 
3 2469 6328 8028 
3 5598 6520 7907 
3 3783 7849 9711 
3 4529 4599 9844 
3 3381 7675 8996 
3 1292 1299 3491 
3 2549 2564 3584 
3 1985 2453 7684 
3 1266 3038 8897 
3 128 616 6497 
3 1590 2220 4339 
3 2629 6699 7194 
3 1453 5246 8759 
3 3115 4726 7902 
3 1646 2711 4193 
3 1313 5276 7491 
3 4136 8732 9670 
3 865 1120 1469 
3 1986 4479 5831 
3 401 934 4226 
3 3862 8734 9941 
3 1574 2418 8068 
3 2068 2143 6920 
3 1836 3445 4833 
3 30 6130 6223 
3 7096 7868 8165 
3 3131 3888 7640 
3 2011 5804 6307 
3 860 8729 9759 
3 241 4553 8886 
3 6409 7223 8709 
3 3313 4088 4355 
3 3817 4487 5577 
3 22 4267 6356 
3 4403 5514 7434 
3 4163 5409 7216 
3 516 9744 9985 
3 977 6803 8638 
3 383 819 9100 
3 3124 3402 6253 
3 378 2105 9134 
3 356 669 6958 
3 3873 7117 7815 
3 2835 6629 9156 
3 643 3541 8716 
3 558 3300 9660 
3 1958 2947 3312 
3 894 1138 7134 
3 144 3807 5345 
3 7744 8539 9590 
3 304 6432 9624 
3 316 4910 6812 
3 771 1683 6697 
3 691 3442 7672 
3 4211 5424 9179 
3 3316 7761 7788 
3 4394 5481 7233 
3 1699 7014 7388 
3 3610 4538 5952 
3 3099 3578 6064 
3 1208 8789 9570 
3 4217 7418 9329 
3 3097 5702 8584 
3 186 5391 8141 
3 425 2201 4634 
3 2239 5586 1814 
3 1221 1404 8694 
3 2227 5741 9225 
3 1376 3929 9158 
3 217 733 4428 
3 3712 5658 8309 
3 417 1488 9771 
3 784 6002 6132 
3 199 5122 7925 
3 4598 6387 9617 
3 1170 3883 5573 
3 1188 2344 6213 
3 3927 7110 9338 
3 1563 3208 6405 
3 719 2563 9862 
3 618 2179 9172 
3 4149 5132 7087 
3 1480 2731 4468 
3 3216 5578 9194 
3 348 3917 5825 
3 5550 9356 9502 
3 769 4669 7553 
3 4564 4791 6620 
3 800 2012 9876 
3 3209 7969 9534 
3 1172 2946 3884 
3 2689 1928 4628 
3 1685 5612 6414 
3 115 1452 4804 
3 1331 5594 8212 
3 1403 7019 7365 
3 3933 4694 5599 
3 5077 8464 9882 
3 279 6796 9152 
3 1868 4518 8645 
3 1209 2326 7229 
3 5848 6457 7163 
3 5183 5206 5611 
3 1495 6541 9679 
3 349 1661 8103 
2 1664 8508 
2 959 182 
2 4062 5257 
2 4973 5338 
2 538 2357 
2 7000 8334 
2 5010 7514 
2 1171 7682 
2 27 3454 
2 3144 4356 
2 1237 5635 
2 746 3469 
2 3636 7915 
2 6177 6308 
2 698 4571 
2 412 9204 
2 1326 3053 
2 4453 6859 
2 1878 6509 
2 1166 9007 
2 6393 6519 
2 435 901 
2 341 7688 
2 61 8011 
2 1725 9336 
2 6021 9932 
2 224 5281 
2 2393 3266 
2 1612 3382 
2 1831 8224 
2 1316 3843 
2 1307 4060 
2 311 4876 
2 2656 3591 
2 424 6265 
2 1149 2546 
2 4470 5617 
2 6539 7929 
2 2673 5926 
2 621 3385 
2 2030 4425 
2 1972 4952 
2 8034 9150 
2 4 1323 
2 7636 8758 
2 1696 8880 
2 6411 8961 
2 3205 4893 
2 3189 8361 
2 4376 9749 
2 1275 7102 
2 3777 7416 
2 2583 9521 
2 2873 8778 
2 1191 5472 
2 972 9059 
2 2498 5148 
2 3534 4770 
2 1350 6720 
2 682 3059 
2 2645 5585 
2 1046 4632 
2 5343 7459 
2 6293 9457 
2 5177 8136 
2 2086 9557 
2 1479 1615 
2 230 5747 
2 1513 1634 
2 1804 1984 
2 5073 7069 
2 6607 8500 
2 25 9189 
2 1964 3201 
2 6077 7059 
2 987 4214 
2 5906 8244 
2 3307 8159 
2 2541 8461 
2 1230 8686 
2 1987 9724 
2 4832 2192 
2 1788 2035 
2 4107 4330 
2 111 8786 
2 268 5051 
2 4577 8117 
2 3784 4633 
2 5100 8085 
2 1196 4709 
2 2405 9636 
2 983 318 
2 173 917 
2 7547 4237 
2 275 3810 
2 7789 8311 
2 811 8523 
2 3794 4435 
2 5005 7820 
2 8344 8546 
2 1111 5833 
2 922 1133 
2 1611 3327 
2 441 9314 
2 3819 4369 
2 1308 8757 
2 4980 7533 
2 782 7807 
2 376 7791 
2 1732 6279 
2 2676 6242 
2 1029 3389 
2 7946 8493 
2 118 184 
2 6833 8002 
2 8045 8272 
2 2272 5504 
2 5379 9819 
2 2942 3639 
2 2709 6119 
2 409 3827 
2 4979 9604 
2 180 7504 
2 3756 9632 
2 1335 9102 
2 3685 5483 
2 1135 2378 
2 5014 6792 
2 406 903 
2 1206 9977 
2 1190 6454 
2 5983 9436 
2 3935 8857 
2 1494 4986 
2 2427 5883 
2 1731 7264 
2 652 2172 
2 483 9609 
2 148 2747 
2 4032 7393 
2 1302 6334 
2 3247 8406 
2 4461 9701 
2 195 7832 
2 69 3799 
2 7667 5356 
2 7408 7736 
2 4535 5470 
2 6678 7243 
2 2206 3476 
2 2166 9327 
2 2386 3292 
2 5694 6843 
2 2324 4344 
2 4821 9825 
2 872 9282 
2 8698 8797 
2 7556 8086 
2 2039 3716 
2 4664 8410 
2 2252 3993 
2 5413 6420 
2 5045 9362 
2 2878 7541 
2 1074 7251 
2 693 5779 
2 7479 8726 
2 4651 5957 
2 1099 6748 
2 1993 9323 
2 935 4621 
2 192 8570 
2 1918 5210 
2 6085 6635 
2 2812 8135 
2 2170 3530 
2 5340 6675 
2 388 509 
2 4103 5853 
2 2715 9186 
2 2098 4699 
2 4323 5399 
2 1554 2803 
2 1909 7580 
2 8374 9717 
2 3821 9999 
2 831 9737 
2 347 8564 
2 958 7333 
2 6174 8879 
2 6998 7292 
2 1063 7228 
2 6407 9807 
2 7093 9159 
2 3044 7561 
2 3394 9742 
2 4254 7669 
2 156 6614 
2 256 6545 
2 7092 9162 
2 3620 4807 
2 4890 5508 
2 2556 8535 
2 5294 7835 
2 781 2827 
2 5107 7639 
2 3058 4260 
2 291 2550 
2 8770 9775 
2 478 9218 
2 4860 9070 
2 1625 4899 
2 2520 8038 
2 54 6185 
2 3156 6199 
2 6187 8877 
2 5643 7712 
2 4372 9787 
2 7992 9342 
2 3859 9372 
2 6254 7340 
2 1374 6631 
2 8282 8960 
2 342 5266 
2 2508 9644 
2 7427 9380 
2 121 274 
2 1705 8613 
2 4939 8080 
2 3866 4220 
2 3082 7075 
2 2884 9963 
2 4675 4950 
2 1439 7033 
2 437 3227 
2 4427 8635 
2 3225 4978 
2 2769 8405 
2 1614 1728 
2 3008 7706 
2 7965 8875 
2 81 9126 
2 605 5361 
2 703 5410 
2 8592 9823 
2 1415 3267 
2 1045 1329 
2 6141 7098 
2 1119 3949 
2 2961 7985 
2 7753 8970 
2 5279 6128 
2 3984 8144 
2 508 5167 
2 6841 8780 
2 6234 8728 
2 1131 3812 
2 1284 9555 
2 908 2808 
2 729 7856 
2 2231 9301 
2 6371 6647 
2 1695 6559 
2 482 6853 
2 1799 4996 
2 7938 9011 
2 6682 7077 
2 3493 4724 
2 1873 2662 
2 3199 7399 
2 360 2758 
2 1534 4273 
2 3474 6480 
2 1305 8395 
2 303 7578 
2 3860 8347 
2 2330 7172 
2 3727 6156 
2 1517 8075 
2 209 9421 
2 1610 5979 
2 280 1818 
2 833 1283 
2 1897 1969 
2 4063 8009 
2 8602 8731 
2 6434 8491 
2 200 1553 
2 6917 9205 
2 4175 7883 
2 4232 4845 
2 5213 6429 
2 5977 8791 
2 4098 4333 
2 5158 5262 
2 7550 8556 
2 3108 8868 
2 6158 8164 
2 7507 8412 
2 662 3386 
2 507 2271 
2 1496 7017 
2 795 4913 
2 2485 7606 
2 1917 3023 
2 4297 7248 
2 3879 4891 
2 7404 9357 
2 4262 9498 
2 603 7281 
2 2512 7483 
2 1501 1749 
2 179 4822 
2 5783 5938 
2 4732 6654 
2 1142 5557 
2 6233 7307 
2 574 6428 
2 1485 5696 
2 1654 4972 
2 1937 3690 
2 312 7097 
2 7045 7741 
2 5840 6499 
2 2110 9686 
2 2425 7588 
2 1789 6075 
2 1006 7068 
2 2771 8114 
2 5260 5727 
2 658 2310 
2 803 6098 
2 2410 9533 
2 1177 8542 
2 5377 6026 
2 194 2500 
2 5870 7864 
2 596 8417 
2 1622 7337 
2 2447 8850 
2 4285 9415 
2 8142 9822 
2 6902 8462 
2 984 3466 
2 2579 3787 
2 4758 8507 
2 8530 8561 
2 1824 7453 
2 2883 9773 
2 821 2503 
2 2026 3611 
2 7138 7711 
2 3717 8061 
2 4440 5382 
2 5754 9296 
2 8784 8985 
2 2138 4283 
2 4523 5993 
2 379 4034 
2 794 4371 
2 7187 7847 
2 227 8955 
2 1932 8441 
2 1762 7584 
2 3286 4830 
2 1992 8872 
2 1753 5023 
2 4305 7030 
2 3268 7830 
2 5640 6195 
2 6551 8190 
2 2899 6643 
2 866 2298 
2 6937 9793 
2 5265 7276 
2 6971 8494 
2 3846 5632 
2 4793 8968 
2 6237 7067 
2 8064 9954 
2 7627 8725 
2 921 9914 
2 6848 7129 
2 4019 9698 
2 4224 5350 
2 258 5699 
2 5304 8220 
2 5327 9148 
2 2706 5153 
2 3169 9311 
2 3990 6290 
2 2311 2373 
2 2664 3803 
2 7022 7139 
2 4911 6040 
2 3705 6533 
2 7730 9031 
2 6617 8555 
2 2996 6901 
2 2928 7658 
2 5745 7793 
2 2532 5533 
2 4048 9577 
2 3994 9861 
2 5187 5885 
2 1235 7758 
2 5008 5907 
2 4851 5693 
2 3635 9736 
2 2900 4923 
2 1770 8001 
2 2280 6031 
2 428 4966 
2 2010 5697 
2 5809 7782 
2 3854 7574 
2 3922 6983 
2 7367 9910 
2 2385 6222 
2 4843 6799 
2 468 9554 
2 7890 9146 
2 9297 9411 
2 7590 9931 
2 361 1180 
2 668 3154 
2 491 741 
2 5430 7071 
2 7833 8473 
2 5838 9101 
2 1226 8110 
2 3619 4009 
2 2356 6456 
2 2602 4588 
2 5828 8118 
2 319 3696 
2 2153 3523 
2 6592 9972 
2 415 7060 
2 4236 8541 
2 2825 2934 
2 2980 6391 
2 1777 6923 
2 7852 8231 
2 659 8000 
2 3719 8554 
2 526 1134 
2 582 5538 
2 4591 6412 
2 911 7222 
2 5844 6500 
2 886 6283 
2 2038 4525 
2 3413 7488 
2 5549 6516 
2 3416 9044 
2 999 9024 
2 422 3645 
2 7523 9042 
2 2657 5480 
2 4132 6772 
2 1880 2525 
2 1667 8109 
2 573 4556 
2 3754 7011 
2 3361 5900 
2 1105 9663 
2 4209 5386 
2 452 6862 
2 4705 5778 
2 1703 8924 
2 6491 6850 
2 4520 6163 
2 5859 9400 
2 7261 9933 
2 238 6961 
2 7942 8975 
2 2154 4252 
2 533 7183 
2 883 9929 
2 4810 7322 
2 5949 9720 
2 575 3301 
2 4581 8318 
2 1087 8098 
2 3546 5539 
2 5108 7005 
2 4987 5619 
2 986 5029 
2 5067 7086 
2 2858 9833 
2 2431 8511 
2 2974 9556 
2 4691 9229 
2 2733 4976 
2 3963 9548 
2 5910 6257 
2 7042 9321 
2 5466 9638 
2 3383 5227 
2 9055 9164 
2 1148 5681 
2 9264 9571 
2 1775 9270 
